-------------------------------------------------------------------------------
Test set: com.example.software.SoftwareApplicationTests
-------------------------------------------------------------------------------
Tests run: 1, Failures: 0, Errors: 1, Skipped: 0, Time elapsed: 7.165 s <<< FAILURE! - in com.example.software.SoftwareApplicationTests
contextLoads  Time elapsed: 0.001 s  <<< ERROR!
java.lang.IllegalStateException: Failed to load ApplicationContext
Caused by: org.springframework.beans.factory.BeanCreationException: Error creating bean with name 'entityManagerFactory' defined in class path resource [org/springframework/boot/autoconfigure/orm/jpa/HibernateJpaConfiguration.class]: Invocation of init method failed; nested exception is org.hibernate.AnnotationException: mappedBy reference an unknown target entity property: com.example.software.model.Admin.admin_role in com.example.software.model.AdminRole.admins
Caused by: org.hibernate.AnnotationException: mappedBy reference an unknown target entity property: com.example.software.model.Admin.admin_role in com.example.software.model.AdminRole.admins

